<?xml version="1.0" encoding="UTF-8"?>
<robot generator="Robot 7.4.2 (Python 3.14.3 on win32)" generated="2026-06-30T12:49:28.844980" rpa="false" schemaversion="5">
<suite id="s1" name="Robotsparebinindustries" source="C:\Users\colon\PycharmProjects\Robot_framework_project\Testcases\robotsparebinindustries.robot">
<test id="s1-t1" name="Verify Valid Login" line="16">
<kw name="Open Application">
<kw name="Open Browser" owner="SeleniumLibrary">
<msg time="2026-06-30T12:49:30.023578" level="INFO">Opening browser 'Chrome' to base url 'https://robotsparebinindustries.com'.</msg>
<arg>${URL}</arg>
<arg>${BROWSER}</arg>
<doc>Opens a new browser instance to the optional ``url``.</doc>
<status status="PASS" start="2026-06-30T12:49:30.023105" elapsed="32.873041"/>
</kw>
<kw name="Maximize Browser Window" owner="SeleniumLibrary">
<doc>Maximizes current browser window.</doc>
<status status="PASS" start="2026-06-30T12:50:02.896538" elapsed="0.435478"/>
</kw>
<status status="PASS" start="2026-06-30T12:49:30.021154" elapsed="33.311024"/>
</kw>
<kw name="Perform Login">
<kw name="Input Text" owner="SeleniumLibrary">
<msg time="2026-06-30T12:50:03.333960" level="INFO">Typing text 'maria' into text field 'xpath://input[@name='username']'.</msg>
<arg>xpath://input[@name='username']</arg>
<arg>${user}</arg>
<doc>Types the given ``text`` into the text field identified by ``locator``.</doc>
<status status="PASS" start="2026-06-30T12:50:03.333369" elapsed="2.060987"/>
</kw>
<kw name="Input Text" owner="SeleniumLibrary">
<msg time="2026-06-30T12:50:05.394988" level="INFO">Typing text 'thoushallnotpass' into text field 'xpath://input[@name='password']'.</msg>
<arg>xpath://input[@name='password']</arg>
<arg>${pass}</arg>
<doc>Types the given ``text`` into the text field identified by ``locator``.</doc>
<status status="PASS" start="2026-06-30T12:50:05.394590" elapsed="0.125642"/>
</kw>
<kw name="Click Button" owner="SeleniumLibrary">
<msg time="2026-06-30T12:50:05.520975" level="INFO">Clicking button '//button[normalize-space()='Log in']'.</msg>
<arg>//button[normalize-space()='Log in']</arg>
<doc>Clicks the button identified by ``locator``.</doc>
<status status="PASS" start="2026-06-30T12:50:05.520544" elapsed="0.217659"/>
</kw>
<arg>${USERNAME}</arg>
<arg>${PASSWORD}</arg>
<status status="PASS" start="2026-06-30T12:50:03.332780" elapsed="2.405578"/>
</kw>
<kw name="Sleep" owner="BuiltIn">
<msg time="2026-06-30T12:50:10.739540" level="INFO">Slept 5 seconds.</msg>
<arg>5</arg>
<doc>Pauses the test executed for the given time.</doc>
<status status="PASS" start="2026-06-30T12:50:05.738784" elapsed="5.000893"/>
</kw>
<kw name="Verify Login Success">
<kw name="Wait Until Element Is Visible" owner="SeleniumLibrary">
<arg>${SUCCESS_ELEMENT}</arg>
<arg>10s</arg>
<doc>Waits until the element ``locator`` is visible.</doc>
<status status="PASS" start="2026-06-30T12:50:10.740563" elapsed="0.309086"/>
</kw>
<kw name="Element Should Contain" owner="SeleniumLibrary">
<msg time="2026-06-30T12:50:11.434852" level="INFO">Element '//button[normalize-space()='Submit']' contains text 'SUBMIT'.</msg>
<arg>${SUCCESS_ELEMENT}</arg>
<arg>${Expected_element}</arg>
<doc>Verifies that element ``locator`` contains text ``expected``.</doc>
<status status="PASS" start="2026-06-30T12:50:11.049879" elapsed="0.385084"/>
</kw>
<kw name="Element Should Contain" owner="SeleniumLibrary">
<msg time="2026-06-30T12:50:11.463946" level="INFO">Element 'xpath://span[@class='username']' contains text 'maria'.</msg>
<arg>xpath://span[@class='username']</arg>
<arg>maria</arg>
<doc>Verifies that element ``locator`` contains text ``expected``.</doc>
<status status="PASS" start="2026-06-30T12:50:11.435517" elapsed="0.028537"/>
</kw>
<kw name="Log To Console" owner="BuiltIn">
<arg>Login successful</arg>
<doc>Logs the given message to the console.</doc>
<status status="PASS" start="2026-06-30T12:50:11.464252" elapsed="0.000583"/>
</kw>
<kw name="Set Test Message" owner="BuiltIn">
<msg time="2026-06-30T12:50:11.465322" level="INFO">Set test message to:
report_message:Login successful</msg>
<arg>report_message:Login successful</arg>
<doc>Sets message for the current test case.</doc>
<status status="PASS" start="2026-06-30T12:50:11.465035" elapsed="0.000373"/>
</kw>
<status status="PASS" start="2026-06-30T12:50:10.740189" elapsed="0.725404"/>
</kw>
<kw name="Perform Logout">
<kw name="Click Element" owner="SeleniumLibrary">
<msg time="2026-06-30T12:50:11.466613" level="INFO">Clicking element 'xpath://button[@id='logout']'.</msg>
<arg>xpath://button[@id='logout']</arg>
<doc>Click the element identified by ``locator``.</doc>
<status status="PASS" start="2026-06-30T12:50:11.466282" elapsed="0.098600"/>
</kw>
<kw name="Close Browser" owner="SeleniumLibrary">
<doc>Closes the current browser.</doc>
<status status="PASS" start="2026-06-30T12:50:11.565237" elapsed="4.300876"/>
</kw>
<status status="PASS" start="2026-06-30T12:50:11.465991" elapsed="4.400257"/>
</kw>
<status status="PASS" start="2026-06-30T12:49:30.015965" elapsed="45.850741">report_message:Login successful</status>
</test>
<test id="s1-t2" name="Verify Invalid Login" line="23">
<kw name="Open Application">
<kw name="Open Browser" owner="SeleniumLibrary">
<msg time="2026-06-30T12:50:15.869394" level="INFO">Opening browser 'Chrome' to base url 'https://robotsparebinindustries.com'.</msg>
<arg>${URL}</arg>
<arg>${BROWSER}</arg>
<doc>Opens a new browser instance to the optional ``url``.</doc>
<status status="PASS" start="2026-06-30T12:50:15.869022" elapsed="13.444783"/>
</kw>
<kw name="Maximize Browser Window" owner="SeleniumLibrary">
<doc>Maximizes current browser window.</doc>
<status status="PASS" start="2026-06-30T12:50:29.314167" elapsed="2.926287"/>
</kw>
<status status="PASS" start="2026-06-30T12:50:15.868536" elapsed="16.372125"/>
</kw>
<kw name="Perform Login">
<kw name="Input Text" owner="SeleniumLibrary">
<msg time="2026-06-30T12:50:32.242511" level="INFO">Typing text 'invalid' into text field 'xpath://input[@name='username']'.</msg>
<arg>xpath://input[@name='username']</arg>
<arg>${user}</arg>
<doc>Types the given ``text`` into the text field identified by ``locator``.</doc>
<status status="PASS" start="2026-06-30T12:50:32.241930" elapsed="0.160840"/>
</kw>
<kw name="Input Text" owner="SeleniumLibrary">
<msg time="2026-06-30T12:50:32.404529" level="INFO">Typing text 'invalid' into text field 'xpath://input[@name='password']'.</msg>
<arg>xpath://input[@name='password']</arg>
<arg>${pass}</arg>
<doc>Types the given ``text`` into the text field identified by ``locator``.</doc>
<status status="PASS" start="2026-06-30T12:50:32.402963" elapsed="0.131111"/>
</kw>
<kw name="Click Button" owner="SeleniumLibrary">
<msg time="2026-06-30T12:50:32.534742" level="INFO">Clicking button '//button[normalize-space()='Log in']'.</msg>
<arg>//button[normalize-space()='Log in']</arg>
<doc>Clicks the button identified by ``locator``.</doc>
<status status="PASS" start="2026-06-30T12:50:32.534307" elapsed="0.129693"/>
</kw>
<arg>${INVALIDUSN}</arg>
<arg>${INVALIDPWD}</arg>
<status status="PASS" start="2026-06-30T12:50:32.241274" elapsed="0.422863"/>
</kw>
<kw name="Verify Login Failure">
<kw name="Wait Until Element Is Visible" owner="SeleniumLibrary">
<arg>//div[contains(@class,'alert') and contains(normalize-space(.),'Invalid')]</arg>
<arg>10s</arg>
<doc>Waits until the element ``locator`` is visible.</doc>
<status status="PASS" start="2026-06-30T12:50:32.664906" elapsed="2.342495"/>
</kw>
<kw name="Element Should Contain" owner="SeleniumLibrary">
<msg time="2026-06-30T12:50:35.037559" level="INFO">Element 'xpath://div[contains(@class,'alert')]' contains text 'Invalid username or password.'.</msg>
<arg>xpath://div[contains(@class,'alert')]</arg>
<arg>Invalid username or password.</arg>
<doc>Verifies that element ``locator`` contains text ``expected``.</doc>
<status status="PASS" start="2026-06-30T12:50:35.007592" elapsed="0.030071"/>
</kw>
<kw name="Log To Console" owner="BuiltIn">
<arg>Invalid login verified</arg>
<doc>Logs the given message to the console.</doc>
<status status="PASS" start="2026-06-30T12:50:35.037836" elapsed="0.000566"/>
</kw>
<kw name="Set Test Message" owner="BuiltIn">
<msg time="2026-06-30T12:50:35.038921" level="INFO">Set test message to:
report_message:Invalid login verified</msg>
<arg>report_message:Invalid login verified</arg>
<doc>Sets message for the current test case.</doc>
<status status="PASS" start="2026-06-30T12:50:35.038632" elapsed="0.000356"/>
</kw>
<status status="PASS" start="2026-06-30T12:50:32.664546" elapsed="2.374562"/>
</kw>
<kw name="Close Browser" owner="SeleniumLibrary">
<doc>Closes the current browser.</doc>
<status status="PASS" start="2026-06-30T12:50:35.039492" elapsed="5.274953"/>
</kw>
<status status="PASS" start="2026-06-30T12:50:15.867825" elapsed="24.446965">report_message:Invalid login verified</status>
</test>
<test id="s1-t3" name="Verify Empty Field" line="29">
<kw name="Open Application">
<kw name="Open Browser" owner="SeleniumLibrary">
<msg time="2026-06-30T12:50:40.316531" level="INFO">Opening browser 'Chrome' to base url 'https://robotsparebinindustries.com'.</msg>
<arg>${URL}</arg>
<arg>${BROWSER}</arg>
<doc>Opens a new browser instance to the optional ``url``.</doc>
<status status="PASS" start="2026-06-30T12:50:40.316250" elapsed="9.956138"/>
</kw>
<kw name="Maximize Browser Window" owner="SeleniumLibrary">
<doc>Maximizes current browser window.</doc>
<status status="PASS" start="2026-06-30T12:50:50.272736" elapsed="0.041798"/>
</kw>
<status status="PASS" start="2026-06-30T12:50:40.315892" elapsed="9.998787"/>
</kw>
<kw name="Perform Login">
<kw name="Input Text" owner="SeleniumLibrary">
<msg time="2026-06-30T12:50:50.317955" level="INFO">Typing text '' into text field 'xpath://input[@name='username']'.</msg>
<arg>xpath://input[@name='username']</arg>
<arg>${user}</arg>
<doc>Types the given ``text`` into the text field identified by ``locator``.</doc>
<status status="PASS" start="2026-06-30T12:50:50.317411" elapsed="0.299160"/>
</kw>
<kw name="Input Text" owner="SeleniumLibrary">
<msg time="2026-06-30T12:50:50.619869" level="INFO">Typing text '' into text field 'xpath://input[@name='password']'.</msg>
<arg>xpath://input[@name='password']</arg>
<arg>${pass}</arg>
<doc>Types the given ``text`` into the text field identified by ``locator``.</doc>
<status status="PASS" start="2026-06-30T12:50:50.617861" elapsed="0.166314"/>
</kw>
<kw name="Click Button" owner="SeleniumLibrary">
<msg time="2026-06-30T12:50:50.784867" level="INFO">Clicking button '//button[normalize-space()='Log in']'.</msg>
<arg>//button[normalize-space()='Log in']</arg>
<doc>Clicks the button identified by ``locator``.</doc>
<status status="PASS" start="2026-06-30T12:50:50.784440" elapsed="0.216423"/>
</kw>
<arg>${EMPTY}</arg>
<arg>${EMPTY}</arg>
<status status="PASS" start="2026-06-30T12:50:50.315194" elapsed="0.685859"/>
</kw>
<kw name="Sleep" owner="BuiltIn">
<msg time="2026-06-30T12:50:56.002759" level="INFO">Slept 5 seconds.</msg>
<arg>5</arg>
<doc>Pauses the test executed for the given time.</doc>
<status status="PASS" start="2026-06-30T12:50:51.001498" elapsed="5.001414"/>
</kw>
<kw name="Verify empty fields">
<kw name="Get Element Attribute" owner="SeleniumLibrary">
<msg time="2026-06-30T12:50:56.046973" level="INFO">${is_required} = true</msg>
<var>${is_required}</var>
<arg>xpath://input[@id='username']</arg>
<arg>required</arg>
<doc>Returns the value of ``attribute`` from the element ``locator``.</doc>
<status status="PASS" start="2026-06-30T12:50:56.003973" elapsed="0.043090"/>
</kw>
<kw name="Should Be Equal As Strings" owner="BuiltIn">
<arg>${is_required}</arg>
<arg>true</arg>
<doc>Fails if objects are unequal after converting them to strings.</doc>
<status status="PASS" start="2026-06-30T12:50:56.047342" elapsed="0.000692"/>
</kw>
<kw name="Log To Console" owner="BuiltIn">
<arg>Browser validation triggered for empty field</arg>
<doc>Logs the given message to the console.</doc>
<status status="PASS" start="2026-06-30T12:50:56.048218" elapsed="0.000532"/>
</kw>
<kw name="Set Test Message" owner="BuiltIn">
<msg time="2026-06-30T12:50:56.049557" level="INFO">Set test message to:
report_message:Empty field verification</msg>
<arg>report_message:Empty field verification</arg>
<doc>Sets message for the current test case.</doc>
<status status="PASS" start="2026-06-30T12:50:56.049037" elapsed="0.000635"/>
</kw>
<status status="PASS" start="2026-06-30T12:50:56.003525" elapsed="0.046313"/>
</kw>
<kw name="Close Browser" owner="SeleniumLibrary">
<doc>Closes the current browser.</doc>
<status status="PASS" start="2026-06-30T12:50:56.050316" elapsed="2.376334"/>
</kw>
<status status="PASS" start="2026-06-30T12:50:40.315398" elapsed="18.111839">report_message:Empty field verification</status>
</test>
<status status="PASS" start="2026-06-30T12:49:28.848225" elapsed="89.580230"/>
</suite>
<statistics>
<total>
<stat pass="3" fail="0" skip="0">All Tests</stat>
</total>
<tag>
</tag>
<suite>
<stat name="Robotsparebinindustries" id="s1" pass="3" fail="0" skip="0">Robotsparebinindustries</stat>
</suite>
</statistics>
<errors>
</errors>
</robot>
